{"C:\\Users\\Legion\\OneDrive\\Desktop\\millionx\\millionx-mvp\\whatsapp-bot\\index.js": {"path":"C:\\Users\\Legion\\OneDrive\\Desktop\\millionx\\millionx-mvp\\whatsapp-bot\\index.js","statementMap":{"0":{"start":{"line":1,"column":16},"end":{"line":1,"column":34}},"1":{"start":{"line":2,"column":14},"end":{"line":2,"column":30}},"2":{"start":{"line":3,"column":0},"end":{"line":3,"column":27}},"3":{"start":{"line":5,"column":12},"end":{"line":5,"column":21}},"4":{"start":{"line":6,"column":0},"end":{"line":6,"column":24}},"5":{"start":{"line":9,"column":20},"end":{"line":9,"column":70}},"6":{"start":{"line":10,"column":23},"end":{"line":10,"column":49}},"7":{"start":{"line":11,"column":24},"end":{"line":11,"column":51}},"8":{"start":{"line":12,"column":21},"end":{"line":12,"column":76}},"9":{"start":{"line":13,"column":13},"end":{"line":13,"column":37}},"10":{"start":{"line":16,"column":0},"end":{"line":30,"column":3}},"11":{"start":{"line":17,"column":17},"end":{"line":17,"column":38}},"12":{"start":{"line":18,"column":18},"end":{"line":18,"column":47}},"13":{"start":{"line":19,"column":22},"end":{"line":19,"column":48}},"14":{"start":{"line":21,"column":4},"end":{"line":21,"column":69}},"15":{"start":{"line":23,"column":4},"end":{"line":29,"column":5}},"16":{"start":{"line":24,"column":8},"end":{"line":24,"column":56}},"17":{"start":{"line":25,"column":8},"end":{"line":25,"column":40}},"18":{"start":{"line":27,"column":8},"end":{"line":27,"column":53}},"19":{"start":{"line":28,"column":8},"end":{"line":28,"column":28}},"20":{"start":{"line":33,"column":0},"end":{"line":79,"column":3}},"21":{"start":{"line":34,"column":4},"end":{"line":34,"column":75}},"22":{"start":{"line":36,"column":4},"end":{"line":78,"column":5}},"23":{"start":{"line":38,"column":22},"end":{"line":38,"column":41}},"24":{"start":{"line":39,"column":24},"end":{"line":39,"column":43}},"25":{"start":{"line":40,"column":22},"end":{"line":40,"column":36}},"26":{"start":{"line":41,"column":25},"end":{"line":41,"column":40}},"27":{"start":{"line":43,"column":8},"end":{"line":46,"column":9}},"28":{"start":{"line":44,"column":12},"end":{"line":44,"column":61}},"29":{"start":{"line":45,"column":12},"end":{"line":45,"column":39}},"30":{"start":{"line":48,"column":24},"end":{"line":48,"column":35}},"31":{"start":{"line":49,"column":21},"end":{"line":49,"column":33}},"32":{"start":{"line":50,"column":28},"end":{"line":50,"column":40}},"33":{"start":{"line":52,"column":8},"end":{"line":52,"column":69}},"34":{"start":{"line":54,"column":23},"end":{"line":54,"column":25}},"35":{"start":{"line":57,"column":8},"end":{"line":68,"column":9}},"36":{"start":{"line":58,"column":25},"end":{"line":58,"column":56}},"37":{"start":{"line":59,"column":12},"end":{"line":59,"column":58}},"38":{"start":{"line":62,"column":13},"end":{"line":68,"column":9}},"39":{"start":{"line":63,"column":12},"end":{"line":63,"column":56}},"40":{"start":{"line":67,"column":12},"end":{"line":67,"column":87}},"41":{"start":{"line":71,"column":8},"end":{"line":71,"column":50}},"42":{"start":{"line":73,"column":8},"end":{"line":73,"column":28}},"43":{"start":{"line":75,"column":8},"end":{"line":75,"column":60}},"44":{"start":{"line":77,"column":8},"end":{"line":77,"column":28}},"45":{"start":{"line":83,"column":4},"end":{"line":83,"column":62}},"46":{"start":{"line":86,"column":4},"end":{"line":88,"column":5}},"47":{"start":{"line":87,"column":8},"end":{"line":87,"column":45}},"48":{"start":{"line":91,"column":4},"end":{"line":93,"column":5}},"49":{"start":{"line":92,"column":8},"end":{"line":92,"column":48}},"50":{"start":{"line":96,"column":4},"end":{"line":103,"column":5}},"51":{"start":{"line":97,"column":22},"end":{"line":97,"column":46}},"52":{"start":{"line":98,"column":8},"end":{"line":102,"column":9}},"53":{"start":{"line":99,"column":12},"end":{"line":99,"column":48}},"54":{"start":{"line":101,"column":12},"end":{"line":101,"column":90}},"55":{"start":{"line":106,"column":4},"end":{"line":113,"column":5}},"56":{"start":{"line":107,"column":22},"end":{"line":107,"column":46}},"57":{"start":{"line":108,"column":8},"end":{"line":112,"column":9}},"58":{"start":{"line":109,"column":12},"end":{"line":109,"column":60}},"59":{"start":{"line":111,"column":12},"end":{"line":111,"column":96}},"60":{"start":{"line":116,"column":4},"end":{"line":116,"column":28}},"61":{"start":{"line":121,"column":4},"end":{"line":121,"column":65}},"62":{"start":{"line":125,"column":4},"end":{"line":130,"column":34}},"63":{"start":{"line":134,"column":4},"end":{"line":134,"column":68}},"64":{"start":{"line":138,"column":4},"end":{"line":143,"column":59}},"65":{"start":{"line":147,"column":4},"end":{"line":147,"column":50}},"66":{"start":{"line":149,"column":4},"end":{"line":179,"column":5}},"67":{"start":{"line":150,"column":25},"end":{"line":166,"column":10}},"68":{"start":{"line":168,"column":21},"end":{"line":168,"column":34}},"69":{"start":{"line":170,"column":8},"end":{"line":175,"column":110}},"70":{"start":{"line":175,"column":79},"end":{"line":175,"column":95}},"71":{"start":{"line":177,"column":8},"end":{"line":177,"column":61}},"72":{"start":{"line":178,"column":8},"end":{"line":178,"column":75}},"73":{"start":{"line":183,"column":4},"end":{"line":183,"column":71}},"74":{"start":{"line":185,"column":4},"end":{"line":203,"column":5}},"75":{"start":{"line":186,"column":25},"end":{"line":191,"column":10}},"76":{"start":{"line":193,"column":21},"end":{"line":193,"column":34}},"77":{"start":{"line":195,"column":8},"end":{"line":199,"column":57}},"78":{"start":{"line":201,"column":8},"end":{"line":201,"column":57}},"79":{"start":{"line":202,"column":8},"end":{"line":202,"column":55}},"80":{"start":{"line":207,"column":4},"end":{"line":207,"column":44}},"81":{"start":{"line":210,"column":4},"end":{"line":213,"column":59}},"82":{"start":{"line":219,"column":23},"end":{"line":219,"column":50}},"83":{"start":{"line":220,"column":18},"end":{"line":220,"column":40}},"84":{"start":{"line":221,"column":4},"end":{"line":221,"column":35}},"85":{"start":{"line":225,"column":4},"end":{"line":232,"column":48}},"86":{"start":{"line":236,"column":4},"end":{"line":259,"column":5}},"87":{"start":{"line":237,"column":8},"end":{"line":237,"column":51}},"88":{"start":{"line":239,"column":25},"end":{"line":252,"column":9}},"89":{"start":{"line":254,"column":8},"end":{"line":254,"column":51}},"90":{"start":{"line":255,"column":8},"end":{"line":255,"column":29}},"91":{"start":{"line":257,"column":8},"end":{"line":257,"column":90}},"92":{"start":{"line":258,"column":8},"end":{"line":258,"column":20}},"93":{"start":{"line":263,"column":0},"end":{"line":270,"column":3}},"94":{"start":{"line":264,"column":4},"end":{"line":269,"column":7}},"95":{"start":{"line":273,"column":0},"end":{"line":282,"column":3}},"96":{"start":{"line":274,"column":4},"end":{"line":281,"column":7}},"97":{"start":{"line":286,"column":0},"end":{"line":297,"column":1}},"98":{"start":{"line":287,"column":4},"end":{"line":296,"column":7}},"99":{"start":{"line":288,"column":8},"end":{"line":288,"column":60}},"100":{"start":{"line":289,"column":8},"end":{"line":289,"column":52}},"101":{"start":{"line":290,"column":8},"end":{"line":290,"column":54}},"102":{"start":{"line":291,"column":8},"end":{"line":291,"column":93}},"103":{"start":{"line":292,"column":8},"end":{"line":292,"column":91}},"104":{"start":{"line":293,"column":8},"end":{"line":293,"column":69}},"105":{"start":{"line":294,"column":8},"end":{"line":294,"column":67}},"106":{"start":{"line":295,"column":8},"end":{"line":295,"column":58}},"107":{"start":{"line":299,"column":0},"end":{"line":299,"column":21}}},"fnMap":{"0":{"name":"(anonymous_0)","decl":{"start":{"line":16,"column":29},"end":{"line":16,"column":30}},"loc":{"start":{"line":16,"column":43},"end":{"line":30,"column":1}},"line":16},"1":{"name":"(anonymous_1)","decl":{"start":{"line":33,"column":30},"end":{"line":33,"column":31}},"loc":{"start":{"line":33,"column":50},"end":{"line":79,"column":1}},"line":33},"2":{"name":"routeTextMessage","decl":{"start":{"line":82,"column":15},"end":{"line":82,"column":31}},"loc":{"start":{"line":82,"column":44},"end":{"line":117,"column":1}},"line":82},"3":{"name":"handleProfitQuery","decl":{"start":{"line":120,"column":15},"end":{"line":120,"column":32}},"loc":{"start":{"line":120,"column":48},"end":{"line":131,"column":1}},"line":120},"4":{"name":"handleInventoryQuery","decl":{"start":{"line":133,"column":15},"end":{"line":133,"column":35}},"loc":{"start":{"line":133,"column":51},"end":{"line":144,"column":1}},"line":133},"5":{"name":"handleRiskCheck","decl":{"start":{"line":146,"column":15},"end":{"line":146,"column":30}},"loc":{"start":{"line":146,"column":38},"end":{"line":180,"column":1}},"line":146},"6":{"name":"(anonymous_6)","decl":{"start":{"line":175,"column":69},"end":{"line":175,"column":70}},"loc":{"start":{"line":175,"column":79},"end":{"line":175,"column":95}},"line":175},"7":{"name":"handleReportFraudster","decl":{"start":{"line":182,"column":15},"end":{"line":182,"column":36}},"loc":{"start":{"line":182,"column":59},"end":{"line":204,"column":1}},"line":182},"8":{"name":"handleImageUpload","decl":{"start":{"line":206,"column":15},"end":{"line":206,"column":32}},"loc":{"start":{"line":206,"column":42},"end":{"line":214,"column":1}},"line":206},"9":{"name":"extractPhoneNumber","decl":{"start":{"line":217,"column":9},"end":{"line":217,"column":27}},"loc":{"start":{"line":217,"column":34},"end":{"line":222,"column":1}},"line":217},"10":{"name":"getHelpMessage","decl":{"start":{"line":224,"column":9},"end":{"line":224,"column":23}},"loc":{"start":{"line":224,"column":26},"end":{"line":233,"column":1}},"line":224},"11":{"name":"sendWhatsAppMessage","decl":{"start":{"line":235,"column":15},"end":{"line":235,"column":34}},"loc":{"start":{"line":235,"column":45},"end":{"line":260,"column":1}},"line":235},"12":{"name":"(anonymous_12)","decl":{"start":{"line":263,"column":19},"end":{"line":263,"column":20}},"loc":{"start":{"line":263,"column":33},"end":{"line":270,"column":1}},"line":263},"13":{"name":"(anonymous_13)","decl":{"start":{"line":273,"column":13},"end":{"line":273,"column":14}},"loc":{"start":{"line":273,"column":27},"end":{"line":282,"column":1}},"line":273},"14":{"name":"(anonymous_14)","decl":{"start":{"line":287,"column":21},"end":{"line":287,"column":22}},"loc":{"start":{"line":287,"column":27},"end":{"line":296,"column":5}},"line":287}},"branchMap":{"0":{"loc":{"start":{"line":9,"column":20},"end":{"line":9,"column":70}},"type":"binary-expr","locations":[{"start":{"line":9,"column":20},"end":{"line":9,"column":43}},{"start":{"line":9,"column":47},"end":{"line":9,"column":70}}],"line":9},"1":{"loc":{"start":{"line":12,"column":21},"end":{"line":12,"column":76}},"type":"binary-expr","locations":[{"start":{"line":12,"column":21},"end":{"line":12,"column":45}},{"start":{"line":12,"column":49},"end":{"line":12,"column":76}}],"line":12},"2":{"loc":{"start":{"line":13,"column":13},"end":{"line":13,"column":37}},"type":"binary-expr","locations":[{"start":{"line":13,"column":13},"end":{"line":13,"column":29}},{"start":{"line":13,"column":33},"end":{"line":13,"column":37}}],"line":13},"3":{"loc":{"start":{"line":23,"column":4},"end":{"line":29,"column":5}},"type":"if","locations":[{"start":{"line":23,"column":4},"end":{"line":29,"column":5}},{"start":{"line":26,"column":11},"end":{"line":29,"column":5}}],"line":23},"4":{"loc":{"start":{"line":23,"column":8},"end":{"line":23,"column":54}},"type":"binary-expr","locations":[{"start":{"line":23,"column":8},"end":{"line":23,"column":28}},{"start":{"line":23,"column":32},"end":{"line":23,"column":54}}],"line":23},"5":{"loc":{"start":{"line":43,"column":8},"end":{"line":46,"column":9}},"type":"if","locations":[{"start":{"line":43,"column":8},"end":{"line":46,"column":9}},{"start":{},"end":{}}],"line":43},"6":{"loc":{"start":{"line":43,"column":12},"end":{"line":43,"column":46}},"type":"binary-expr","locations":[{"start":{"line":43,"column":12},"end":{"line":43,"column":21}},{"start":{"line":43,"column":25},"end":{"line":43,"column":46}}],"line":43},"7":{"loc":{"start":{"line":57,"column":8},"end":{"line":68,"column":9}},"type":"if","locations":[{"start":{"line":57,"column":8},"end":{"line":68,"column":9}},{"start":{"line":62,"column":13},"end":{"line":68,"column":9}}],"line":57},"8":{"loc":{"start":{"line":62,"column":13},"end":{"line":68,"column":9}},"type":"if","locations":[{"start":{"line":62,"column":13},"end":{"line":68,"column":9}},{"start":{"line":66,"column":13},"end":{"line":68,"column":9}}],"line":62},"9":{"loc":{"start":{"line":86,"column":4},"end":{"line":88,"column":5}},"type":"if","locations":[{"start":{"line":86,"column":4},"end":{"line":88,"column":5}},{"start":{},"end":{}}],"line":86},"10":{"loc":{"start":{"line":91,"column":4},"end":{"line":93,"column":5}},"type":"if","locations":[{"start":{"line":91,"column":4},"end":{"line":93,"column":5}},{"start":{},"end":{}}],"line":91},"11":{"loc":{"start":{"line":96,"column":4},"end":{"line":103,"column":5}},"type":"if","locations":[{"start":{"line":96,"column":4},"end":{"line":103,"column":5}},{"start":{},"end":{}}],"line":96},"12":{"loc":{"start":{"line":98,"column":8},"end":{"line":102,"column":9}},"type":"if","locations":[{"start":{"line":98,"column":8},"end":{"line":102,"column":9}},{"start":{"line":100,"column":15},"end":{"line":102,"column":9}}],"line":98},"13":{"loc":{"start":{"line":106,"column":4},"end":{"line":113,"column":5}},"type":"if","locations":[{"start":{"line":106,"column":4},"end":{"line":113,"column":5}},{"start":{},"end":{}}],"line":106},"14":{"loc":{"start":{"line":108,"column":8},"end":{"line":112,"column":9}},"type":"if","locations":[{"start":{"line":108,"column":8},"end":{"line":112,"column":9}},{"start":{"line":110,"column":15},"end":{"line":112,"column":9}}],"line":108},"15":{"loc":{"start":{"line":221,"column":11},"end":{"line":221,"column":34}},"type":"cond-expr","locations":[{"start":{"line":221,"column":19},"end":{"line":221,"column":27}},{"start":{"line":221,"column":30},"end":{"line":221,"column":34}}],"line":221},"16":{"loc":{"start":{"line":257,"column":51},"end":{"line":257,"column":88}},"type":"binary-expr","locations":[{"start":{"line":257,"column":51},"end":{"line":257,"column":71}},{"start":{"line":257,"column":75},"end":{"line":257,"column":88}}],"line":257},"17":{"loc":{"start":{"line":286,"column":0},"end":{"line":297,"column":1}},"type":"if","locations":[{"start":{"line":286,"column":0},"end":{"line":297,"column":1}},{"start":{},"end":{}}],"line":286},"18":{"loc":{"start":{"line":291,"column":43},"end":{"line":291,"column":89}},"type":"cond-expr","locations":[{"start":{"line":291,"column":61},"end":{"line":291,"column":75}},{"start":{"line":291,"column":78},"end":{"line":291,"column":89}}],"line":291},"19":{"loc":{"start":{"line":292,"column":42},"end":{"line":292,"column":87}},"type":"cond-expr","locations":[{"start":{"line":292,"column":59},"end":{"line":292,"column":73}},{"start":{"line":292,"column":76},"end":{"line":292,"column":87}}],"line":292}},"s":{"0":1,"1":1,"2":1,"3":1,"4":1,"5":1,"6":1,"7":1,"8":1,"9":1,"10":1,"11":3,"12":3,"13":3,"14":3,"15":3,"16":1,"17":1,"18":2,"19":2,"20":1,"21":6,"22":6,"23":6,"24":6,"25":6,"26":6,"27":6,"28":1,"29":1,"30":5,"31":5,"32":5,"33":5,"34":5,"35":5,"36":5,"37":5,"38":0,"39":0,"40":0,"41":5,"42":4,"43":1,"44":1,"45":5,"46":5,"47":2,"48":3,"49":0,"50":3,"51":2,"52":2,"53":2,"54":0,"55":1,"56":0,"57":0,"58":0,"59":0,"60":1,"61":2,"62":2,"63":0,"64":0,"65":2,"66":2,"67":2,"68":1,"69":1,"70":1,"71":1,"72":1,"73":0,"74":0,"75":0,"76":0,"77":0,"78":0,"79":0,"80":0,"81":0,"82":2,"83":2,"84":2,"85":1,"86":5,"87":5,"88":5,"89":4,"90":4,"91":1,"92":1,"93":1,"94":0,"95":1,"96":1,"97":1,"98":0,"99":0,"100":0,"101":0,"102":0,"103":0,"104":0,"105":0,"106":0,"107":1},"f":{"0":3,"1":6,"2":5,"3":2,"4":0,"5":2,"6":1,"7":0,"8":0,"9":2,"10":1,"11":5,"12":0,"13":1,"14":0},"b":{"0":[1,0],"1":[1,0],"2":[1,1],"3":[1,2],"4":[3,2],"5":[1,5],"6":[6,5],"7":[5,0],"8":[0,0],"9":[2,3],"10":[0,3],"11":[2,1],"12":[2,0],"13":[0,1],"14":[0,0],"15":[2,0],"16":[1,1],"17":[0,1],"18":[0,0],"19":[0,0]},"_coverageSchema":"1a1c01bbd47fc00a2c39e90264f33305004495a9","hash":"6fbdc84b18f772affb538835cb4d362b004415ac"}
}
