TN:
SF:index.js
FN:16,(anonymous_0)
FN:33,(anonymous_1)
FN:82,routeTextMessage
FN:120,handleProfitQuery
FN:133,handleInventoryQuery
FN:146,handleRiskCheck
FN:175,(anonymous_6)
FN:182,handleReportFraudster
FN:206,handleImageUpload
FN:217,extractPhoneNumber
FN:224,getHelpMessage
FN:235,sendWhatsAppMessage
FN:263,(anonymous_12)
FN:273,(anonymous_13)
FN:287,(anonymous_14)
FNF:15
FNH:10
FNDA:3,(anonymous_0)
FNDA:6,(anonymous_1)
FNDA:5,routeTextMessage
FNDA:2,handleProfitQuery
FNDA:0,handleInventoryQuery
FNDA:2,handleRiskCheck
FNDA:1,(anonymous_6)
FNDA:0,handleReportFraudster
FNDA:0,handleImageUpload
FNDA:2,extractPhoneNumber
FNDA:1,getHelpMessage
FNDA:5,sendWhatsAppMessage
FNDA:0,(anonymous_12)
FNDA:1,(anonymous_13)
FNDA:0,(anonymous_14)
DA:1,1
DA:2,1
DA:3,1
DA:5,1
DA:6,1
DA:9,1
DA:10,1
DA:11,1
DA:12,1
DA:13,1
DA:16,1
DA:17,3
DA:18,3
DA:19,3
DA:21,3
DA:23,3
DA:24,1
DA:25,1
DA:27,2
DA:28,2
DA:33,1
DA:34,6
DA:36,6
DA:38,6
DA:39,6
DA:40,6
DA:41,6
DA:43,6
DA:44,1
DA:45,1
DA:48,5
DA:49,5
DA:50,5
DA:52,5
DA:54,5
DA:57,5
DA:58,5
DA:59,5
DA:62,0
DA:63,0
DA:67,0
DA:71,5
DA:73,4
DA:75,1
DA:77,1
DA:83,5
DA:86,5
DA:87,2
DA:91,3
DA:92,0
DA:96,3
DA:97,2
DA:98,2
DA:99,2
DA:101,0
DA:106,1
DA:107,0
DA:108,0
DA:109,0
DA:111,0
DA:116,1
DA:121,2
DA:125,2
DA:134,0
DA:138,0
DA:147,2
DA:149,2
DA:150,2
DA:168,1
DA:170,1
DA:175,1
DA:177,1
DA:178,1
DA:183,0
DA:185,0
DA:186,0
DA:193,0
DA:195,0
DA:201,0
DA:202,0
DA:207,0
DA:210,0
DA:219,2
DA:220,2
DA:221,2
DA:225,1
DA:236,5
DA:237,5
DA:239,5
DA:254,4
DA:255,4
DA:257,1
DA:258,1
DA:263,1
DA:264,0
DA:273,1
DA:274,1
DA:286,1
DA:287,0
DA:288,0
DA:289,0
DA:290,0
DA:291,0
DA:292,0
DA:293,0
DA:294,0
DA:295,0
DA:299,1
LF:108
LH:78
BRDA:9,0,0,1
BRDA:9,0,1,0
BRDA:12,1,0,1
BRDA:12,1,1,0
BRDA:13,2,0,1
BRDA:13,2,1,1
BRDA:23,3,0,1
BRDA:23,3,1,2
BRDA:23,4,0,3
BRDA:23,4,1,2
BRDA:43,5,0,1
BRDA:43,5,1,5
BRDA:43,6,0,6
BRDA:43,6,1,5
BRDA:57,7,0,5
BRDA:57,7,1,0
BRDA:62,8,0,0
BRDA:62,8,1,0
BRDA:86,9,0,2
BRDA:86,9,1,3
BRDA:91,10,0,0
BRDA:91,10,1,3
BRDA:96,11,0,2
BRDA:96,11,1,1
BRDA:98,12,0,2
BRDA:98,12,1,0
BRDA:106,13,0,0
BRDA:106,13,1,1
BRDA:108,14,0,0
BRDA:108,14,1,0
BRDA:221,15,0,2
BRDA:221,15,1,0
BRDA:257,16,0,1
BRDA:257,16,1,1
BRDA:286,17,0,0
BRDA:286,17,1,1
BRDA:291,18,0,0
BRDA:291,18,1,0
BRDA:292,19,0,0
BRDA:292,19,1,0
BRF:40
BRH:24
end_of_record
